<?xml version="1.0" encoding="UTF-8"?>
<!-- Generated by org.testng.reporters.JUnitXMLReporter -->
<testsuite ignored="0" hostname="Praful" failures="0" tests="4" name="Test" time="11.196" errors="0" timestamp="2026-03-27T20:48:55 IST">
  <testcase classname="testLayer.Cogmento" name="loginFunctionality" time="0.858"/>
  <testcase classname="testLayer.Cogmento" name="validateContactPage" time="2.142"/>
  <testcase classname="testLayer.Cogmento" name="validateCreatePageOnContactPage" time="0.254"/>
  <testcase classname="testLayer.Cogmento" name="createContact" time="0.275"/>
</testsuite> <!-- Test -->
