<?xml version="1.0" encoding="UTF-8"?>
<!-- Generated by org.testng.reporters.JUnitXMLReporter -->
<testsuite ignored="0" hostname="Praful" failures="0" tests="3" name="Test" time="9.798" errors="0" timestamp="2026-03-27T20:43:10 IST">
  <testcase classname="testLayer.Cogmento" name="loginFunctionality" time="0.898"/>
  <testcase classname="testLayer.Cogmento" name="validateContactPage" time="2.045"/>
  <testcase classname="testLayer.Cogmento" name="validateCreatePageOnContactPage" time="0.205"/>
</testsuite> <!-- Test -->
