<?xml version="1.0" encoding="UTF-8"?>
<testng-results ignored="0" total="1" passed="1" failed="0" skipped="0">
  <reporter-output>
  </reporter-output>
  <suite started-at="2026-03-27T20:30:08 IST" name="Suite" finished-at="2026-03-27T20:30:17 IST" duration-ms="8393">
    <groups>
    </groups>
    <test started-at="2026-03-27T20:30:08 IST" name="Test" finished-at="2026-03-27T20:30:17 IST" duration-ms="8393">
      <class name="testLayer.Cogmento">
        <test-method is-config="true" signature="openaUrl()[pri:0, instance:testLayer.Cogmento@40ef3420]" started-at="2026-03-27T20:30:08 IST" name="openaUrl" finished-at="2026-03-27T20:30:15 IST" duration-ms="7027" status="PASS">
          <reporter-output>
          </reporter-output>
        </test-method> <!-- openaUrl -->
        <test-method signature="loginFunctionality()[pri:0, instance:testLayer.Cogmento@40ef3420]" started-at="2026-03-27T20:30:15 IST" name="loginFunctionality" finished-at="2026-03-27T20:30:16 IST" duration-ms="902" status="PASS">
          <reporter-output>
          </reporter-output>
        </test-method> <!-- loginFunctionality -->
        <test-method is-config="true" signature="tearDown()[pri:0, instance:testLayer.Cogmento@40ef3420]" started-at="2026-03-27T20:30:16 IST" name="tearDown" finished-at="2026-03-27T20:30:17 IST" duration-ms="358" status="PASS">
          <reporter-output>
          </reporter-output>
        </test-method> <!-- tearDown -->
      </class> <!-- testLayer.Cogmento -->
    </test> <!-- Test -->
  </suite> <!-- Suite -->
</testng-results>
