<?xml version="1.0" encoding="UTF-8"?>
<!-- Generated by org.testng.reporters.JUnitReportReporter -->
<testsuite hostname="Praful" failures="0" tests="4" name="testLayer.Cogmento" time="3.529" errors="0" timestamp="2026-03-27T20:48:55 IST" skipped="0">
  <testcase classname="testLayer.Cogmento" name="loginFunctionality" time="0.858"/>
  <system-out/>
  <testcase classname="testLayer.Cogmento" name="validateContactPage" time="2.142"/>
  <system-out/>
  <testcase classname="testLayer.Cogmento" name="validateCreatePageOnContactPage" time="0.254"/>
  <system-out/>
  <testcase classname="testLayer.Cogmento" name="createContact" time="0.275"/>
  <system-out/>
</testsuite> <!-- testLayer.Cogmento -->
