<?xml version="1.0" encoding="UTF-8"?>
<!-- Generated by org.testng.reporters.JUnitReportReporter -->
<testsuite hostname="Praful" failures="0" tests="3" name="testLayer.Cogmento" time="3.148" errors="0" timestamp="2026-03-27T20:43:10 IST" skipped="0">
  <testcase classname="testLayer.Cogmento" name="loginFunctionality" time="0.898"/>
  <system-out/>
  <testcase classname="testLayer.Cogmento" name="validateContactPage" time="2.045"/>
  <system-out/>
  <testcase classname="testLayer.Cogmento" name="validateCreatePageOnContactPage" time="0.205"/>
  <system-out/>
</testsuite> <!-- testLayer.Cogmento -->
